<?xml version="1.0" encoding="UTF-8"?>
<testng-results ignored="0" total="1" passed="1" failed="0" skipped="0">
  <reporter-output>
  </reporter-output>
  <suite started-at="2022-07-29T13:31:28 IST" name="Default suite" finished-at="2022-07-29T13:32:06 IST" duration-ms="38337">
    <groups>
    </groups>
    <test started-at="2022-07-29T13:31:28 IST" name="Default test" finished-at="2022-07-29T13:32:06 IST" duration-ms="38337">
      <class name="pom.ZerodhaWatchlistBuy">
        <test-method is-config="true" signature="LaunchBrowser()[pri:0, instance:pom.ZerodhaWatchlistBuy@6bd61f98]" started-at="2022-07-29T13:31:28 IST" name="LaunchBrowser" finished-at="2022-07-29T13:31:58 IST" duration-ms="29881" status="PASS">
          <reporter-output>
          </reporter-output>
        </test-method> <!-- LaunchBrowser -->
        <test-method signature="openZerodhaAccountTest()[pri:0, instance:pom.ZerodhaWatchlistBuy@6bd61f98]" started-at="2022-07-29T13:31:58 IST" name="openZerodhaAccountTest" finished-at="2022-07-29T13:32:06 IST" duration-ms="8338" status="PASS">
          <reporter-output>
          </reporter-output>
        </test-method> <!-- openZerodhaAccountTest -->
      </class> <!-- pom.ZerodhaWatchlistBuy -->
    </test> <!-- Default test -->
  </suite> <!-- Default suite -->
</testng-results>
