<?xml version="1.0" encoding="UTF-8"?>
<testng-results ignored="0" total="1" passed="1" failed="0" skipped="0">
  <reporter-output>
  </reporter-output>
  <suite started-at="2022-07-29T15:48:30 IST" name="Default suite" finished-at="2022-07-29T15:49:53 IST" duration-ms="83544">
    <groups>
    </groups>
    <test started-at="2022-07-29T15:48:30 IST" name="Default test" finished-at="2022-07-29T15:49:53 IST" duration-ms="83544">
      <class name="test.ZerodhaWatchlistBuyTest">
        <test-method is-config="true" signature="launchBrowser()[pri:0, instance:test.ZerodhaWatchlistBuyTest@6bd61f98]" started-at="2022-07-29T15:48:30 IST" name="launchBrowser" finished-at="2022-07-29T15:49:39 IST" duration-ms="69704" status="PASS">
          <reporter-output>
          </reporter-output>
        </test-method> <!-- launchBrowser -->
        <test-method signature="selectStockFromWatchListStockTest()[pri:0, instance:test.ZerodhaWatchlistBuyTest@6bd61f98]" started-at="2022-07-29T15:49:39 IST" name="selectStockFromWatchListStockTest" finished-at="2022-07-29T15:49:53 IST" duration-ms="13663" status="PASS">
          <reporter-output>
          </reporter-output>
        </test-method> <!-- selectStockFromWatchListStockTest -->
      </class> <!-- test.ZerodhaWatchlistBuyTest -->
    </test> <!-- Default test -->
  </suite> <!-- Default suite -->
</testng-results>
